Fri, 15 Mar 2019 14:35:15 log.py[line:144] INFO Scrapy 1.4.0 started (bot: zr)
Fri, 15 Mar 2019 14:35:15 log.py[line:147] INFO Overridden settings: {'NEWSPIDER_MODULE': 'zr.spiders', 'CONCURRENT_REQUESTS': 32, 'SPIDER_MODULES': ['zr.spiders'], 'BOT_NAME': 'zr', 'COOKIES_ENABLED': False, 'DOWNLOAD_DELAY': 3}
Fri, 15 Mar 2019 14:35:16 middleware.py[line:53] INFO Enabled extensions:
['scrapy.extensions.logstats.LogStats',
 'scrapy.extensions.telnet.TelnetConsole',
 'scrapy.extensions.corestats.CoreStats']
Fri, 15 Mar 2019 14:35:16 deprecate.py[line:156] WARNING C:\Python27\lib\site-packages\scrapy\utils\deprecate.py:156: ScrapyDeprecationWarning: `scrapy.contrib.downloadermiddleware.useragent.UserAgentMiddleware` class is deprecated, use `scrapy.downloadermiddlewares.useragent.UserAgentMiddleware` instead
  ScrapyDeprecationWarning)

Fri, 15 Mar 2019 14:35:16 deprecate.py[line:156] WARNING C:\Python27\lib\site-packages\scrapy\utils\deprecate.py:156: ScrapyDeprecationWarning: `scrapy.contrib.downloadermiddleware.httpproxy.HttpProxyMiddleware` class is deprecated, use `scrapy.downloadermiddlewares.httpproxy.HttpProxyMiddleware` instead
  ScrapyDeprecationWarning)

Fri, 15 Mar 2019 14:35:16 middleware.py[line:53] INFO Enabled downloader middlewares:
['zr.middlewares.ProxyMiddleware',
 'scrapy.downloadermiddlewares.httpauth.HttpAuthMiddleware',
 'scrapy.downloadermiddlewares.downloadtimeout.DownloadTimeoutMiddleware',
 'scrapy.downloadermiddlewares.defaultheaders.DefaultHeadersMiddleware',
 'zr.middlewares.RandomUserAgentMiddleware',
 'scrapy.downloadermiddlewares.retry.RetryMiddleware',
 'scrapy.downloadermiddlewares.redirect.MetaRefreshMiddleware',
 'scrapy.downloadermiddlewares.httpcompression.HttpCompressionMiddleware',
 'scrapy.downloadermiddlewares.redirect.RedirectMiddleware',
 'scrapy.downloadermiddlewares.stats.DownloaderStats']
Fri, 15 Mar 2019 14:35:16 middleware.py[line:53] INFO Enabled spider middlewares:
['scrapy.spidermiddlewares.httperror.HttpErrorMiddleware',
 'scrapy.spidermiddlewares.offsite.OffsiteMiddleware',
 'scrapy.spidermiddlewares.referer.RefererMiddleware',
 'scrapy.spidermiddlewares.urllength.UrlLengthMiddleware',
 'scrapy.spidermiddlewares.depth.DepthMiddleware']
Fri, 15 Mar 2019 14:35:16 middleware.py[line:53] INFO Enabled item pipelines:
['zr.pipelines.ZrPipeline']
Fri, 15 Mar 2019 14:35:16 engine.py[line:256] INFO Spider opened
Fri, 15 Mar 2019 14:35:16 logstats.py[line:48] INFO Crawled 0 pages (at 0 pages/min), scraped 0 items (at 0 items/min)
Fri, 15 Mar 2019 14:35:16 telnet.py[line:60] DEBUG Telnet console listening on 127.0.0.1:6023
Fri, 15 Mar 2019 14:35:17 scraper.py[line:208] ERROR Error downloading <GET http://www.baidu.com>
Traceback (most recent call last):
  File "C:\Python27\lib\site-packages\twisted\internet\defer.py", line 1384, in _inlineCallbacks
    result = result.throwExceptionIntoGenerator(g)
  File "C:\Python27\lib\site-packages\twisted\python\failure.py", line 393, in throwExceptionIntoGenerator
    return g.throw(self.type, self.value, self.tb)
  File "C:\Python27\lib\site-packages\scrapy\core\downloader\middleware.py", line 43, in process_request
    defer.returnValue((yield download_func(request=request,spider=spider)))
  File "C:\Python27\lib\site-packages\scrapy\utils\defer.py", line 45, in mustbe_deferred
    result = f(*args, **kw)
  File "C:\Python27\lib\site-packages\scrapy\core\downloader\handlers\__init__.py", line 65, in download_request
    return handler.download_request(request, spider)
  File "C:\Python27\lib\site-packages\scrapy\core\downloader\handlers\http11.py", line 63, in download_request
    return agent.download_request(request)
  File "C:\Python27\lib\site-packages\scrapy\core\downloader\handlers\http11.py", line 272, in download_request
    agent = self._get_agent(request, timeout)
  File "C:\Python27\lib\site-packages\scrapy\core\downloader\handlers\http11.py", line 252, in _get_agent
    _, _, proxyHost, proxyPort, proxyParams = _parse(proxy)
  File "C:\Python27\lib\site-packages\scrapy\core\downloader\webclient.py", line 37, in _parse
    return _parsed_url_args(parsed)
  File "C:\Python27\lib\site-packages\scrapy\core\downloader\webclient.py", line 20, in _parsed_url_args
    host = b(parsed.hostname)
  File "C:\Python27\lib\site-packages\scrapy\core\downloader\webclient.py", line 17, in <lambda>
    b = lambda s: to_bytes(s, encoding='ascii')
  File "C:\Python27\lib\site-packages\scrapy\utils\python.py", line 117, in to_bytes
    'object, got %s' % type(text).__name__)
TypeError: to_bytes must receive a unicode, str or bytes object, got NoneType
Fri, 15 Mar 2019 14:35:17 engine.py[line:295] INFO Closing spider (finished)
Fri, 15 Mar 2019 14:35:17 statscollectors.py[line:47] INFO Dumping Scrapy stats:
{'downloader/exception_count': 1,
 'downloader/exception_type_count/exceptions.TypeError': 1,
 'downloader/request_bytes': 358,
 'downloader/request_count': 1,
 'downloader/request_method_count/GET': 1,
 'finish_reason': 'finished',
 'finish_time': datetime.datetime(2019, 3, 15, 6, 35, 17, 171000),
 'log_count/DEBUG': 1,
 'log_count/ERROR': 1,
 'log_count/INFO': 7,
 'log_count/WARNING': 2,
 'scheduler/dequeued': 1,
 'scheduler/dequeued/memory': 1,
 'scheduler/enqueued': 1,
 'scheduler/enqueued/memory': 1,
 'start_time': datetime.datetime(2019, 3, 15, 6, 35, 16, 837000)}
Fri, 15 Mar 2019 14:35:17 engine.py[line:326] INFO Spider closed (finished)
